make all --print-data-base --no-builtin-variables --no-builtin-rules --question
# GNU Make 3.81
# Copyright (C) 2006  Free Software Foundation, Inc.
# This is free software; see the source for copying conditions.
# There is NO warranty; not even for MERCHANTABILITY or FITNESS FOR A
# PARTICULAR PURPOSE.

# This program built for i386-apple-darwin11.3.0

# Make data base, printed on Thu Aug  4 12:36:34 2022

# Variables

# automatic
<D = $(patsubst %/,%,$(dir $<))
# automatic
?F = $(notdir $?)
# makefile (from `Makefile', line 43)
OBJ = $(addprefix $(OBJ_DIR), $(OBJ_FILES))
# makefile (from `Makefile', line 42)
SRC = $(addprefix $(SRC_DIR), $(SRC_FILES))
# automatic
?D = $(patsubst %/,%,$(dir $?))
# automatic
@D = $(patsubst %/,%,$(dir $@))
# automatic
@F = $(notdir $@)
# makefile
CURDIR := /goinfre/seheo/push_swap
# makefile
SHELL = /bin/sh
# environment
VSCODE_NLS_CONFIG = {"locale":"en-us","availableLanguages":{},"_languagePackSupport":true}
# environment
_ = /usr/bin/make
# makefile (from `Makefile', line 18)
BLUE = \033[0;94m
# makefile (from `Makefile', line 1)
MAKEFILE_LIST :=  Makefile
# makefile (from `Makefile', line 13)
LIB_DIR = lib
# environment
VSCODE_NODE_CACHED_DATA_DIR = /Users/seheo/Library/Application Support/Code/CachedData/6ab598523be7a800d7f3eb4d92d7ab9a66069390
# makefile (from `Makefile', line 8)
OBJ_DIR = ./obj/
# environment
VERBOSE_LOGGING = true
# environment
VSCODE_LOGS = /Users/seheo/Library/Application Support/Code/logs/20220804T102113
# makefile (from `Makefile', line 10)
INCS = -I ./include/
# environment
VSCODE_IPC_HOOK_EXTHOST = /var/folders/zz/zyxvpxvq6csfxvn_n000cp3r0035hy/T/vscode-ipc-173befd0-4810-4d72-a0c4-95286aee034b.sock
# makefile (from `Makefile', line 41)
OBJ_FILES = ${SRC_FILES:.c=.o}
# environment
PATH = /usr/local/bin:/usr/bin:/bin:/usr/sbin:/sbin:/usr/local/munki
# environment
LaunchInstanceID = A76AF245-B35A-459A-82FC-0B7C306799AC
# environment
VSCODE_LOG_STACK = false
# environment
ELECTRON_RUN_AS_NODE = 1
# makefile (from `Makefile', line 19)
END_COLOR = \033[0;39m
# default
.FEATURES := target-specific order-only second-expansion else-if archives jobserver check-symlink
# environment
SSH_AUTH_SOCK = /private/tmp/com.apple.launchd.oieWXLU9Kr/Listeners
# automatic
%F = $(notdir $%)
# environment
PWD = /goinfre/seheo/push_swap
# makefile (from `Makefile', line 16)
GREEN = \033[0;92m
# environment
HOME = /Users/seheo
# default
MAKEFILEPATH := /Applications/Xcode.app/Contents/Developer/Makefiles
# environment
LOGNAME = seheo
# environment
APPLICATION_INSIGHTS_NO_DIAGNOSTIC_CHANNEL = true
# makefile (from `Makefile', line 9)
HEADERS = ./include/push_swap.h
# environment
VSCODE_HANDLES_UNCAUGHT_ERRORS = true
# automatic
^D = $(patsubst %/,%,$(dir $^))
# environment
XPC_FLAGS = 0x0
# default
MAKE = $(MAKE_COMMAND)
# default
MAKECMDGOALS := all
# environment
SHLVL = 1
# makefile (from `Makefile', line 3)
CC = gcc
# default
MAKE_VERSION := 3.81
# environment
AMD_ENTRYPOINT = vs/workbench/services/extensions/node/extensionHostProcess
# environment
USER = seheo
# makefile
.DEFAULT_GOAL := all
# makefile (from `Makefile', line 1)
NAME = push_swap
# environment
PIPE_LOGGING = true
# automatic
%D = $(patsubst %/,%,$(dir $%))
# default
MAKE_COMMAND := /Applications/Xcode.app/Contents/Developer/usr/bin/make
# default
.VARIABLES := 
# environment
TMPDIR = /var/folders/zz/zyxvpxvq6csfxvn_n000cp3r0035hy/T/
# automatic
*F = $(notdir $*)
# environment
VSCODE_IPC_HOOK = /Users/seheo/Library/Application Support/Code/1.39.2-main.sock
# makefile
MAKEFLAGS = Rrqp
# environment
MFLAGS = -Rrqp
# automatic
*D = $(patsubst %/,%,$(dir $*))
# environment
XPC_SERVICE_NAME = com.apple.xpc.launchd.oneshot.0x1000000e.Electron
# automatic
+D = $(patsubst %/,%,$(dir $+))
# makefile (from `Makefile', line 17)
YELLOW = \033[0;93m
# makefile (from `Makefile', line 14)
LIBFT_A = ./lib/libft.a
# automatic
+F = $(notdir $+)
# environment
__CF_USER_TEXT_ENCODING = 0x1961E:0x0:0x0
# environment
COMMAND_MODE = unix2003
# default
MAKEFILES := 
# makefile (from `Makefile', line 7)
SRC_DIR = ./src/
# automatic
<F = $(notdir $<)
# environment
LC_ALL = C
# makefile (from `Makefile', line 6)
LIBC = ar rc
# environment
SECURITYSESSIONID = 186c9
# automatic
^F = $(notdir $^)
# makefile (from `Makefile', line 21)
SRC_FILES = error.c check_stdin.c control_point.c push_swap.c double_link_stack.c double_link_stack_util.c stack_swap.c print_message.c stack_move.c ft_atoi.c quick_sort.c sort_2.c sort_3.c sort_5.c sort_n_util.c sort_n.c sort_util.c stack_rotate.c stack_rotate_reverse.c 
# default
SUFFIXES := 
# makefile (from `Makefile', line 4)
FLAGS = -Wall -Werror -Wextra
# default
.INCLUDE_DIRS = /usr/local/include
# environment
MAKELEVEL := 0
# environment
LANG = C
# environment
VSCODE_PID = 99357
# variable set hash-table stats:
# Load=79/1024=8%, Rehash=0, Collisions=7/116=6%

# Pattern-specific Variable Values

# No pattern-specific variable values.

# Directories

# . (device 16777220, inode 1152921500313218963): 12 files, no impossibilities.
# ./src (device 16777220, inode 1152921500313219152): No files, no impossibilities so far.

# 12 files, no impossibilities in 2 directories.

# Implicit Rules

obj/%.o: ./src/%.c
#  commands to execute (from `Makefile', line 56):
	@$(CC) -c $< -o $@ $(INCS)
	

# 1 implicit rules, 0 (0.0%) terminal.

# Files

# Not a target:
obj/check_stdin.o:
#  Implicit rule search has not been done.
#  Modification time never checked.
#  File has not been updated.

# Not a target:
obj/sort_5.o:
#  Implicit rule search has not been done.
#  Modification time never checked.
#  File has not been updated.

# Not a target:
obj/double_link_stack.o:
#  Implicit rule search has not been done.
#  Modification time never checked.
#  File has not been updated.

all: obj push_swap
#  Phony target (prerequisite of .PHONY).
#  Command-line target.
#  Implicit rule search has not been done.
#  File does not exist.
#  File has been updated.
#  Needs to be updated (-q is set).
# variable set hash-table stats:
# Load=0/32=0%, Rehash=0, Collisions=0/3=0%

# Not a target:
obj/sort_n.o:
#  Implicit rule search has not been done.
#  Modification time never checked.
#  File has not been updated.

.PHONY: all clean fclean re
#  Implicit rule search has not been done.
#  Modification time never checked.
#  File has not been updated.

# Not a target:
obj/stack_swap.o:
#  Implicit rule search has not been done.
#  Modification time never checked.
#  File has not been updated.

# Not a target:
obj/stack_rotate.o:
#  Implicit rule search has not been done.
#  Modification time never checked.
#  File has not been updated.

# Not a target:
obj/push_swap.o:
#  Implicit rule search has not been done.
#  Modification time never checked.
#  File has not been updated.

# Not a target:
.SUFFIXES:
#  Implicit rule search has not been done.
#  Modification time never checked.
#  File has not been updated.

# Not a target:
obj/ft_atoi.o:
#  Implicit rule search has not been done.
#  Modification time never checked.
#  File has not been updated.

# Not a target:
Makefile:
#  Implicit rule search has been done.
#  Last modified 2022-08-03 15:53:43
#  File has been updated.
#  Successfully updated.
# variable set hash-table stats:
# Load=0/32=0%, Rehash=0, Collisions=0/0=0%

# Not a target:
obj/error.o:
#  Implicit rule search has not been done.
#  Modification time never checked.
#  File has not been updated.

# Not a target:
obj/stack_move.o:
#  Implicit rule search has not been done.
#  Modification time never checked.
#  File has not been updated.

# Not a target:
obj/control_point.o:
#  Implicit rule search has not been done.
#  Modification time never checked.
#  File has not been updated.

# Not a target:
obj/print_message.o:
#  Implicit rule search has not been done.
#  Modification time never checked.
#  File has not been updated.

# Not a target:
obj/quick_sort.o:
#  Implicit rule search has not been done.
#  Modification time never checked.
#  File has not been updated.

fclean: clean
#  Phony target (prerequisite of .PHONY).
#  Implicit rule search has not been done.
#  File does not exist.
#  File has not been updated.
#  commands to execute (from `Makefile', line 67):
	@rm -rf $(NAME)
	@rm -rf $(LIBFT_A)
 
	@rm -rf $(OBJ_DIR)
	@echo "$(YELLOW)$(NAME) fclean"
	

# Not a target:
obj/sort_2.o:
#  Implicit rule search has not been done.
#  Modification time never checked.
#  File has not been updated.

obj:
#  Implicit rule search has not been done.
#  Implicit/static pattern stem: `'
#  File does not exist.
#  File has been updated.
#  Needs to be updated (-q is set).
# automatic
# @ := obj
# automatic
# % := 
# automatic
# * := 
# automatic
# + := 
# automatic
# | := 
# automatic
# < := 
# automatic
# ^ := 
# automatic
# ? := 
# variable set hash-table stats:
# Load=8/32=25%, Rehash=0, Collisions=1/11=9%
#  commands to execute (from `Makefile', line 60):
	@mkdir $(OBJ_DIR)
	

# Not a target:
.DEFAULT:
#  Implicit rule search has not been done.
#  Modification time never checked.
#  File has not been updated.

re: fclean all
#  Phony target (prerequisite of .PHONY).
#  Implicit rule search has not been done.
#  File does not exist.
#  File has not been updated.

clean:
#  Phony target (prerequisite of .PHONY).
#  Implicit rule search has not been done.
#  File does not exist.
#  File has not been updated.
#  commands to execute (from `Makefile', line 63):
	@rm -rf $(OBJ)
	@make clean -C $(LIB_DIR)
	@echo "$(YELLOW)$(NAME) clean"
	

# Not a target:
obj/sort_util.o:
#  Implicit rule search has not been done.
#  Modification time never checked.
#  File has not been updated.

push_swap: obj/error.o obj/check_stdin.o obj/control_point.o obj/push_swap.o obj/double_link_stack.o obj/double_link_stack_util.o obj/stack_swap.o obj/print_message.o obj/stack_move.o obj/ft_atoi.o obj/quick_sort.o obj/sort_2.o obj/sort_3.o obj/sort_5.o obj/sort_n_util.o obj/sort_n.o obj/sort_util.o obj/stack_rotate.o obj/stack_rotate_reverse.o
#  Implicit rule search has not been done.
#  Modification time never checked.
#  File has not been updated.
#  commands to execute (from `Makefile', line 49):
	echo "$(GREEN)make $(LIB_DIR)"
	@make -C $(LIB_DIR) 
	@$(CC) $(OBJ) $(LIBFT_A) -o $(NAME)
	@echo "$(GREEN)$(NAME) compiled"
	

# Not a target:
obj/sort_3.o:
#  Implicit rule search has not been done.
#  Modification time never checked.
#  File has not been updated.

# Not a target:
obj/double_link_stack_util.o:
#  Implicit rule search has not been done.
#  Modification time never checked.
#  File has not been updated.

# Not a target:
obj/sort_n_util.o:
#  Implicit rule search has not been done.
#  Modification time never checked.
#  File has not been updated.

# Not a target:
obj/stack_rotate_reverse.o:
#  Implicit rule search has not been done.
#  Modification time never checked.
#  File has not been updated.

# files hash-table stats:
# Load=29/1024=3%, Rehash=0, Collisions=2/71=3%
# VPATH Search Paths

# No `vpath' search paths.

# No general (`VPATH' variable) search path.

# # of strings in strcache: 1
# # of strcache buffers: 1
# strcache size: total = 4096 / max = 4096 / min = 4096 / avg = 4096
# strcache free: total = 4087 / max = 4087 / min = 4087 / avg = 4087

# Finished Make data base on Thu Aug  4 12:36:34 2022

 
